[0m[[31merror[0m] [0mTest [33mScenario: Scenario Number 1[0m.[31mAnd Select your client's income type where select 'clickIncomeSourceBusiness' and select 'clickContinueButton'[0m failed: org.scalatest.exceptions.[31mTestFailedException[0m: "[no such element: Unable to locate element: {"method":"id","selector":"incomeSource-Business"}[0m
[0m[[31merror[0m] [0m  (Session info: chrome=55.0.2883.87)[0m
[0m[[31merror[0m] [0m  (Driver info: chromedriver=2.24.417424 (c5c5ea873213ee72e3d0929b47482681555340c3),platform=Linux 4.4.0-83-generic x86_64) (WARNING: The server did not provide any stacktrace information)[0m
[0m[[31merror[0m] [0mCommand duration or timeout: 16 milliseconds[0m
[0m[[31merror[0m] [0mFor documentation on this error, please visit: http://seleniumhq.org/exceptions/no_such_element.html[0m
[0m[[31merror[0m] [0mBuild info: version: '2.53.1', revision: 'a36b8b1cd5757287168e54b817830adce9b0158d', time: '2016-06-30 19:26:09'[0m
[0m[[31merror[0m] [0mSystem info: host: 'ddct-55', ip: '127.0.1.1', os.name: 'Linux', os.arch: 'amd64', os.version: '4.4.0-83-generic', java.version: '1.8.0_111'[0m
[0m[[31merror[0m] [0mDriver info: org.openqa.selenium.chrome.ChromeDriver[0m
[0m[[31merror[0m] [0mCapabilities [{applicationCacheEnabled=false, rotatable=false, mobileEmulationEnabled=false, networkConnectionEnabled=false, chrome={chromedriverVersion=2.24.417424 (c5c5ea873213ee72e3d0929b47482681555340c3), userDataDir=/tmp/.org.chromium.Chromium.GneLOm}, takesHeapSnapshot=true, pageLoadStrategy=normal, databaseEnabled=false, handlesAlerts=true, hasTouchScreen=false, version=55.0.2883.87, platform=LINUX, browserConnectionEnabled=false, nativeEvents=true, acceptSslCerts=true, locationContextEnabled=true, webStorageEnabled=true, browserName=chrome, takesScreenshot=true, javascriptEnabled=true, cssSelectorsEnabled=true}][0m
[0m[[31merror[0m] [0mSession ID: 42bb4921f558d47c3868d81efece547e[0m
[0m[[31merror[0m] [0m*** Element info: {Using=id, value=incomeSource-Business}]" did not equal "[PRINT ERR]"[0m
[0m[[31merror[0m] [0m    at org.scalatest.Assertions$class.newAssertionFailedException(Assertions.scala:500)[0m
[0m[[31merror[0m] [0m    at uk.gov.hmrc.integration.cucumber.pages.BasePageTemplate$.newAssertionFailedException(BasePageTemplate.scala:17)[0m
[0m[[31merror[0m] [0m    at org.scalatest.Assertions$AssertionsHelper.macroAssert(Assertions.scala:466)[0m
[0m[[31merror[0m] [0m    at uk.gov.hmrc.integration.cucumber.pages.BasePageTemplate$class.catchErr(BasePageTemplate.scala:242)[0m
[0m[[31merror[0m] [0m    at uk.gov.hmrc.integration.cucumber.pages.BasePageTemplate$.catchErr(BasePageTemplate.scala:17)[0m
[0m[[31merror[0m] [0m    at uk.gov.hmrc.integration.cucumber.pages.BasePageTemplate$class.click(BasePageTemplate.scala:65)[0m
[0m[[31merror[0m] [0m    at uk.gov.hmrc.integration.cucumber.pages.BasePageTemplate$.click(BasePageTemplate.scala:17)[0m
[0m[[31merror[0m] [0m    at uk.gov.hmrc.integration.cucumber.pages.BasePageTemplate$class.clickRadio(BasePageTemplate.scala:73)[0m
[0m[[31merror[0m] [0m    at uk.gov.hmrc.integration.cucumber.pages.BasePageTemplate$.clickRadio(BasePageTemplate.scala:17)[0m
[0m[[31merror[0m] [0m    at uk.gov.hmrc.integration.cucumber.stepdefs.URLSCRAPERCommonStepDef$$anonfun$8.apply(CommonStepDef.scala:53)[0m
[0m[[31merror[0m] [0m    at uk.gov.hmrc.integration.cucumber.stepdefs.URLSCRAPERCommonStepDef$$anonfun$8.apply(CommonStepDef.scala:52)[0m
[0m[[31merror[0m] [0m    at cucumber.api.scala.ScalaDsl$StepBody$$anonfun$apply$3.applyOrElse(ScalaDsl.scala:105)[0m
[0m[[31merror[0m] [0m    at cucumber.api.scala.ScalaDsl$StepBody$$anonfun$apply$3.applyOrElse(ScalaDsl.scala:103)[0m
[0m[[31merror[0m] [0m    at scala.runtime.AbstractPartialFunction.apply(AbstractPartialFunction.scala:36)[0m
[0m[[31merror[0m] [0m    at cucumber.runtime.scala.ScalaStepDefinition.execute(ScalaStepDefinition.scala:71)[0m
[0m[[31merror[0m] [0m    at cucumber.runtime.StepDefinitionMatch.runStep(StepDefinitionMatch.java:37)[0m
[0m[[31merror[0m] [0m    at cucumber.runtime.Runtime.runStep(Runtime.java:299)[0m
[0m[[31merror[0m] [0m    at cucumber.runtime.model.StepContainer.runStep(StepContainer.java:44)[0m
[0m[[31merror[0m] [0m    at cucumber.runtime.model.StepContainer.runSteps(StepContainer.java:39)[0m
[0m[[31merror[0m] [0m    at cucumber.runtime.model.CucumberScenario.run(CucumberScenario.java:44)[0m
[0m[[31merror[0m] [0m    at cucumber.runtime.junit.ExecutionUnitRunner.run(ExecutionUnitRunner.java:91)[0m
[0m[[31merror[0m] [0m    at cucumber.runtime.junit.FeatureRunner.runChild(FeatureRunner.java:63)[0m
[0m[[31merror[0m] [0m    at cucumber.runtime.junit.FeatureRunner.runChild(FeatureRunner.java:18)[0m
[0m[[31merror[0m] [0m    ...[0m
[0m[[31merror[0m] [0mTest [33mScenario: Scenario Number 1[0m failed: org.scalatest.exceptions.[31mTestFailedException[0m: "[no such element: Unable to locate element: {"method":"id","selector":"incomeSource-Business"}[0m
[0m[[31merror[0m] [0m  (Session info: chrome=55.0.2883.87)[0m
[0m[[31merror[0m] [0m  (Driver info: chromedriver=2.24.417424 (c5c5ea873213ee72e3d0929b47482681555340c3),platform=Linux 4.4.0-83-generic x86_64) (WARNING: The server did not provide any stacktrace information)[0m
[0m[[31merror[0m] [0mCommand duration or timeout: 16 milliseconds[0m
[0m[[31merror[0m] [0mFor documentation on this error, please visit: http://seleniumhq.org/exceptions/no_such_element.html[0m
[0m[[31merror[0m] [0mBuild info: version: '2.53.1', revision: 'a36b8b1cd5757287168e54b817830adce9b0158d', time: '2016-06-30 19:26:09'[0m
[0m[[31merror[0m] [0mSystem info: host: 'ddct-55', ip: '127.0.1.1', os.name: 'Linux', os.arch: 'amd64', os.version: '4.4.0-83-generic', java.version: '1.8.0_111'[0m
[0m[[31merror[0m] [0mDriver info: org.openqa.selenium.chrome.ChromeDriver[0m
[0m[[31merror[0m] [0mCapabilities [{applicationCacheEnabled=false, rotatable=false, mobileEmulationEnabled=false, networkConnectionEnabled=false, chrome={chromedriverVersion=2.24.417424 (c5c5ea873213ee72e3d0929b47482681555340c3), userDataDir=/tmp/.org.chromium.Chromium.GneLOm}, takesHeapSnapshot=true, pageLoadStrategy=normal, databaseEnabled=false, handlesAlerts=true, hasTouchScreen=false, version=55.0.2883.87, platform=LINUX, browserConnectionEnabled=false, nativeEvents=true, acceptSslCerts=true, locationContextEnabled=true, webStorageEnabled=true, browserName=chrome, takesScreenshot=true, javascriptEnabled=true, cssSelectorsEnabled=true}][0m
[0m[[31merror[0m] [0mSession ID: 42bb4921f558d47c3868d81efece547e[0m
[0m[[31merror[0m] [0m*** Element info: {Using=id, value=incomeSource-Business}]" did not equal "[PRINT ERR]"[0m
[0m[[31merror[0m] [0m    at org.scalatest.Assertions$class.newAssertionFailedException(Assertions.scala:500)[0m
[0m[[31merror[0m] [0m    at uk.gov.hmrc.integration.cucumber.pages.BasePageTemplate$.newAssertionFailedException(BasePageTemplate.scala:17)[0m
[0m[[31merror[0m] [0m    at org.scalatest.Assertions$AssertionsHelper.macroAssert(Assertions.scala:466)[0m
[0m[[31merror[0m] [0m    at uk.gov.hmrc.integration.cucumber.pages.BasePageTemplate$class.catchErr(BasePageTemplate.scala:242)[0m
[0m[[31merror[0m] [0m    at uk.gov.hmrc.integration.cucumber.pages.BasePageTemplate$.catchErr(BasePageTemplate.scala:17)[0m
[0m[[31merror[0m] [0m    at uk.gov.hmrc.integration.cucumber.pages.BasePageTemplate$class.click(BasePageTemplate.scala:65)[0m
[0m[[31merror[0m] [0m    at uk.gov.hmrc.integration.cucumber.pages.BasePageTemplate$.click(BasePageTemplate.scala:17)[0m
[0m[[31merror[0m] [0m    at uk.gov.hmrc.integration.cucumber.pages.BasePageTemplate$class.clickRadio(BasePageTemplate.scala:73)[0m
[0m[[31merror[0m] [0m    at uk.gov.hmrc.integration.cucumber.pages.BasePageTemplate$.clickRadio(BasePageTemplate.scala:17)[0m
[0m[[31merror[0m] [0m    at uk.gov.hmrc.integration.cucumber.stepdefs.URLSCRAPERCommonStepDef$$anonfun$8.apply(CommonStepDef.scala:53)[0m
[0m[[31merror[0m] [0m    at uk.gov.hmrc.integration.cucumber.stepdefs.URLSCRAPERCommonStepDef$$anonfun$8.apply(CommonStepDef.scala:52)[0m
[0m[[31merror[0m] [0m    at cucumber.api.scala.ScalaDsl$StepBody$$anonfun$apply$3.applyOrElse(ScalaDsl.scala:105)[0m
[0m[[31merror[0m] [0m    at cucumber.api.scala.ScalaDsl$StepBody$$anonfun$apply$3.applyOrElse(ScalaDsl.scala:103)[0m
[0m[[31merror[0m] [0m    at scala.runtime.AbstractPartialFunction.apply(AbstractPartialFunction.scala:36)[0m
[0m[[31merror[0m] [0m    at cucumber.runtime.scala.ScalaStepDefinition.execute(ScalaStepDefinition.scala:71)[0m
[0m[[31merror[0m] [0m    at cucumber.runtime.StepDefinitionMatch.runStep(StepDefinitionMatch.java:37)[0m
[0m[[31merror[0m] [0m    at cucumber.runtime.Runtime.runStep(Runtime.java:299)[0m
[0m[[31merror[0m] [0m    at cucumber.runtime.model.StepContainer.runStep(StepContainer.java:44)[0m
[0m[[31merror[0m] [0m    at cucumber.runtime.model.StepContainer.runSteps(StepContainer.java:39)[0m
[0m[[31merror[0m] [0m    at cucumber.runtime.model.CucumberScenario.run(CucumberScenario.java:44)[0m
[0m[[31merror[0m] [0m    at cucumber.runtime.junit.ExecutionUnitRunner.run(ExecutionUnitRunner.java:91)[0m
[0m[[31merror[0m] [0m    at cucumber.runtime.junit.FeatureRunner.runChild(FeatureRunner.java:63)[0m
[0m[[31merror[0m] [0m    at cucumber.runtime.junit.FeatureRunner.runChild(FeatureRunner.java:18)[0m
[0m[[31merror[0m] [0m    ...[0m
[0m[[0minfo[0m] [0mTest [33mScenario: Scenario Number 1[0m.[36mAnd Does your client have any other sources of income where select 'clickChoiceNo' and select 'clickContinueButton'[0m ignored[0m
[0m[[0minfo[0m] [0mTest [33mScenario: Scenario Number 1[0m.[36mAnd Business accounting period where select 'clickAccountingPeriodPriorNo' and select 'clickContinueButton'[0m ignored[0m
[0m[[0minfo[0m] [0mTest [33mScenario: Scenario Number 1[0m.[36mAnd Business accounting period where 'fieldStartDateDateDay' is '01' and 'fieldStartDateDateMonth' is '01' and 'fieldStartDateDateYear' is '2018' and 'fieldEndDateDateDay' is '01' and 'fieldEndDateDateMonth' is '01' and 'fieldEndDateDateYear' is '2019' and select 'clickContinueButton'[0m ignored[0m
[0m[[0minfo[0m] [0mTest [33mScenario: Scenario Number 1[0m.[36mAnd Business name choose 'fieldBusinessName' is 'First Flow' and select 'clickContinueButton'[0m ignored[0m
[0m[[0minfo[0m] [0mTest [33mScenario: Scenario Number 1[0m.[36mAnd Accounting method where select 'clickAccountingMethodCash' and select 'clickContinueButton'[0m ignored[0m
[0m[[0minfo[0m] [0mTest [33mScenario: Scenario Number 1[0m.[36mThen Terms of participation where select 'clickContinueButton'[0m ignored[0m
[0m[[31merror[0m] [0mTest [33mScenario: Scenario Number 1[0m.[31mAnd Select your client's income type where select 'clickIncomeSourceProperty' and select 'clickContinueButton'[0m failed: org.scalatest.exceptions.[31mTestFailedException[0m: "[no such element: Unable to locate element: {"method":"id","selector":"incomeSource-Property"}[0m
[0m[[31merror[0m] [0m  (Session info: chrome=55.0.2883.87)[0m
[0m[[31merror[0m] [0m  (Driver info: chromedriver=2.24.417424 (c5c5ea873213ee72e3d0929b47482681555340c3),platform=Linux 4.4.0-83-generic x86_64) (WARNING: The server did not provide any stacktrace information)[0m
[0m[[31merror[0m] [0mCommand duration or timeout: 19 milliseconds[0m
[0m[[31merror[0m] [0mFor documentation on this error, please visit: http://seleniumhq.org/exceptions/no_such_element.html[0m
[0m[[31merror[0m] [0mBuild info: version: '2.53.1', revision: 'a36b8b1cd5757287168e54b817830adce9b0158d', time: '2016-06-30 19:26:09'[0m
[0m[[31merror[0m] [0mSystem info: host: 'ddct-55', ip: '127.0.1.1', os.name: 'Linux', os.arch: 'amd64', os.version: '4.4.0-83-generic', java.version: '1.8.0_111'[0m
[0m[[31merror[0m] [0mDriver info: org.openqa.selenium.chrome.ChromeDriver[0m
[0m[[31merror[0m] [0mCapabilities [{applicationCacheEnabled=false, rotatable=false, mobileEmulationEnabled=false, networkConnectionEnabled=false, chrome={chromedriverVersion=2.24.417424 (c5c5ea873213ee72e3d0929b47482681555340c3), userDataDir=/tmp/.org.chromium.Chromium.GneLOm}, takesHeapSnapshot=true, pageLoadStrategy=normal, databaseEnabled=false, handlesAlerts=true, hasTouchScreen=false, version=55.0.2883.87, platform=LINUX, browserConnectionEnabled=false, nativeEvents=true, acceptSslCerts=true, locationContextEnabled=true, webStorageEnabled=true, browserName=chrome, takesScreenshot=true, javascriptEnabled=true, cssSelectorsEnabled=true}][0m
[0m[[31merror[0m] [0mSession ID: 42bb4921f558d47c3868d81efece547e[0m
[0m[[31merror[0m] [0m*** Element info: {Using=id, value=incomeSource-Property}]" did not equal "[PRINT ERR]"[0m
[0m[[31merror[0m] [0m    at org.scalatest.Assertions$class.newAssertionFailedException(Assertions.scala:500)[0m
[0m[[31merror[0m] [0m    at uk.gov.hmrc.integration.cucumber.pages.BasePageTemplate$.newAssertionFailedException(BasePageTemplate.scala:17)[0m
[0m[[31merror[0m] [0m    at org.scalatest.Assertions$AssertionsHelper.macroAssert(Assertions.scala:466)[0m
[0m[[31merror[0m] [0m    at uk.gov.hmrc.integration.cucumber.pages.BasePageTemplate$class.catchErr(BasePageTemplate.scala:242)[0m
[0m[[31merror[0m] [0m    at uk.gov.hmrc.integration.cucumber.pages.BasePageTemplate$.catchErr(BasePageTemplate.scala:17)[0m
[0m[[31merror[0m] [0m    at uk.gov.hmrc.integration.cucumber.pages.BasePageTemplate$class.click(BasePageTemplate.scala:65)[0m
[0m[[31merror[0m] [0m    at uk.gov.hmrc.integration.cucumber.pages.BasePageTemplate$.click(BasePageTemplate.scala:17)[0m
[0m[[31merror[0m] [0m    at uk.gov.hmrc.integration.cucumber.pages.BasePageTemplate$class.clickRadio(BasePageTemplate.scala:73)[0m
[0m[[31merror[0m] [0m    at uk.gov.hmrc.integration.cucumber.pages.BasePageTemplate$.clickRadio(BasePageTemplate.scala:17)[0m
[0m[[31merror[0m] [0m    at uk.gov.hmrc.integration.cucumber.stepdefs.URLSCRAPERCommonStepDef$$anonfun$8.apply(CommonStepDef.scala:53)[0m
[0m[[31merror[0m] [0m    at uk.gov.hmrc.integration.cucumber.stepdefs.URLSCRAPERCommonStepDef$$anonfun$8.apply(CommonStepDef.scala:52)[0m
[0m[[31merror[0m] [0m    at cucumber.api.scala.ScalaDsl$StepBody$$anonfun$apply$3.applyOrElse(ScalaDsl.scala:105)[0m
[0m[[31merror[0m] [0m    at cucumber.api.scala.ScalaDsl$StepBody$$anonfun$apply$3.applyOrElse(ScalaDsl.scala:103)[0m
[0m[[31merror[0m] [0m    at scala.runtime.AbstractPartialFunction.apply(AbstractPartialFunction.scala:36)[0m
[0m[[31merror[0m] [0m    at cucumber.runtime.scala.ScalaStepDefinition.execute(ScalaStepDefinition.scala:71)[0m
[0m[[31merror[0m] [0m    at cucumber.runtime.StepDefinitionMatch.runStep(StepDefinitionMatch.java:37)[0m
[0m[[31merror[0m] [0m    at cucumber.runtime.Runtime.runStep(Runtime.java:299)[0m
[0m[[31merror[0m] [0m    at cucumber.runtime.model.StepContainer.runStep(StepContainer.java:44)[0m
[0m[[31merror[0m] [0m    at cucumber.runtime.model.StepContainer.runSteps(StepContainer.java:39)[0m
[0m[[31merror[0m] [0m    at cucumber.runtime.model.CucumberScenario.run(CucumberScenario.java:44)[0m
[0m[[31merror[0m] [0m    at cucumber.runtime.junit.ExecutionUnitRunner.run(ExecutionUnitRunner.java:91)[0m
[0m[[31merror[0m] [0m    at cucumber.runtime.junit.FeatureRunner.runChild(FeatureRunner.java:63)[0m
[0m[[31merror[0m] [0m    at cucumber.runtime.junit.FeatureRunner.runChild(FeatureRunner.java:18)[0m
[0m[[31merror[0m] [0m    ...[0m
[0m[[31merror[0m] [0mTest [33mScenario: Scenario Number 1[0m failed: org.scalatest.exceptions.[31mTestFailedException[0m: "[no such element: Unable to locate element: {"method":"id","selector":"incomeSource-Property"}[0m
[0m[[31merror[0m] [0m  (Session info: chrome=55.0.2883.87)[0m
[0m[[31merror[0m] [0m  (Driver info: chromedriver=2.24.417424 (c5c5ea873213ee72e3d0929b47482681555340c3),platform=Linux 4.4.0-83-generic x86_64) (WARNING: The server did not provide any stacktrace information)[0m
[0m[[31merror[0m] [0mCommand duration or timeout: 19 milliseconds[0m
[0m[[31merror[0m] [0mFor documentation on this error, please visit: http://seleniumhq.org/exceptions/no_such_element.html[0m
[0m[[31merror[0m] [0mBuild info: version: '2.53.1', revision: 'a36b8b1cd5757287168e54b817830adce9b0158d', time: '2016-06-30 19:26:09'[0m
[0m[[31merror[0m] [0mSystem info: host: 'ddct-55', ip: '127.0.1.1', os.name: 'Linux', os.arch: 'amd64', os.version: '4.4.0-83-generic', java.version: '1.8.0_111'[0m
[0m[[31merror[0m] [0mDriver info: org.openqa.selenium.chrome.ChromeDriver[0m
[0m[[31merror[0m] [0mCapabilities [{applicationCacheEnabled=false, rotatable=false, mobileEmulationEnabled=false, networkConnectionEnabled=false, chrome={chromedriverVersion=2.24.417424 (c5c5ea873213ee72e3d0929b47482681555340c3), userDataDir=/tmp/.org.chromium.Chromium.GneLOm}, takesHeapSnapshot=true, pageLoadStrategy=normal, databaseEnabled=false, handlesAlerts=true, hasTouchScreen=false, version=55.0.2883.87, platform=LINUX, browserConnectionEnabled=false, nativeEvents=true, acceptSslCerts=true, locationContextEnabled=true, webStorageEnabled=true, browserName=chrome, takesScreenshot=true, javascriptEnabled=true, cssSelectorsEnabled=true}][0m
[0m[[31merror[0m] [0mSession ID: 42bb4921f558d47c3868d81efece547e[0m
[0m[[31merror[0m] [0m*** Element info: {Using=id, value=incomeSource-Property}]" did not equal "[PRINT ERR]"[0m
[0m[[31merror[0m] [0m    at org.scalatest.Assertions$class.newAssertionFailedException(Assertions.scala:500)[0m
[0m[[31merror[0m] [0m    at uk.gov.hmrc.integration.cucumber.pages.BasePageTemplate$.newAssertionFailedException(BasePageTemplate.scala:17)[0m
[0m[[31merror[0m] [0m    at org.scalatest.Assertions$AssertionsHelper.macroAssert(Assertions.scala:466)[0m
[0m[[31merror[0m] [0m    at uk.gov.hmrc.integration.cucumber.pages.BasePageTemplate$class.catchErr(BasePageTemplate.scala:242)[0m
[0m[[31merror[0m] [0m    at uk.gov.hmrc.integration.cucumber.pages.BasePageTemplate$.catchErr(BasePageTemplate.scala:17)[0m
[0m[[31merror[0m] [0m    at uk.gov.hmrc.integration.cucumber.pages.BasePageTemplate$class.click(BasePageTemplate.scala:65)[0m
[0m[[31merror[0m] [0m    at uk.gov.hmrc.integration.cucumber.pages.BasePageTemplate$.click(BasePageTemplate.scala:17)[0m
[0m[[31merror[0m] [0m    at uk.gov.hmrc.integration.cucumber.pages.BasePageTemplate$class.clickRadio(BasePageTemplate.scala:73)[0m
[0m[[31merror[0m] [0m    at uk.gov.hmrc.integration.cucumber.pages.BasePageTemplate$.clickRadio(BasePageTemplate.scala:17)[0m
[0m[[31merror[0m] [0m    at uk.gov.hmrc.integration.cucumber.stepdefs.URLSCRAPERCommonStepDef$$anonfun$8.apply(CommonStepDef.scala:53)[0m
[0m[[31merror[0m] [0m    at uk.gov.hmrc.integration.cucumber.stepdefs.URLSCRAPERCommonStepDef$$anonfun$8.apply(CommonStepDef.scala:52)[0m
[0m[[31merror[0m] [0m    at cucumber.api.scala.ScalaDsl$StepBody$$anonfun$apply$3.applyOrElse(ScalaDsl.scala:105)[0m
[0m[[31merror[0m] [0m    at cucumber.api.scala.ScalaDsl$StepBody$$anonfun$apply$3.applyOrElse(ScalaDsl.scala:103)[0m
[0m[[31merror[0m] [0m    at scala.runtime.AbstractPartialFunction.apply(AbstractPartialFunction.scala:36)[0m
[0m[[31merror[0m] [0m    at cucumber.runtime.scala.ScalaStepDefinition.execute(ScalaStepDefinition.scala:71)[0m
[0m[[31merror[0m] [0m    at cucumber.runtime.StepDefinitionMatch.runStep(StepDefinitionMatch.java:37)[0m
[0m[[31merror[0m] [0m    at cucumber.runtime.Runtime.runStep(Runtime.java:299)[0m
[0m[[31merror[0m] [0m    at cucumber.runtime.model.StepContainer.runStep(StepContainer.java:44)[0m
[0m[[31merror[0m] [0m    at cucumber.runtime.model.StepContainer.runSteps(StepContainer.java:39)[0m
[0m[[31merror[0m] [0m    at cucumber.runtime.model.CucumberScenario.run(CucumberScenario.java:44)[0m
[0m[[31merror[0m] [0m    at cucumber.runtime.junit.ExecutionUnitRunner.run(ExecutionUnitRunner.java:91)[0m
[0m[[31merror[0m] [0m    at cucumber.runtime.junit.FeatureRunner.runChild(FeatureRunner.java:63)[0m
[0m[[31merror[0m] [0m    at cucumber.runtime.junit.FeatureRunner.runChild(FeatureRunner.java:18)[0m
[0m[[31merror[0m] [0m    ...[0m
[0m[[0minfo[0m] [0mTest [33mScenario: Scenario Number 1[0m.[36mAnd Does your client have any other sources of income where select 'clickChoiceYes' and select 'clickContinueButton'[0m ignored[0m
[0m[[0minfo[0m] [0mTest [33mScenario: Scenario Number 1[0m.[36mAnd You can only send quarterly reports on part of your client's income where select 'clickContinueButton'[0m ignored[0m
[0m[[0minfo[0m] [0mTest [33mScenario: Scenario Number 1[0m.[36mThen Terms of participation where select 'clickContinueButton'[0m ignored[0m
[0m[[31merror[0m] [0mTest [33mScenario: Scenario Number 1[0m.[31mAnd Select your client's income type where select 'clickIncomeSourceBoth' and select 'clickContinueButton'[0m failed: org.scalatest.exceptions.[31mTestFailedException[0m: "[no such element: Unable to locate element: {"method":"id","selector":"incomeSource-Both"}[0m
[0m[[31merror[0m] [0m  (Session info: chrome=55.0.2883.87)[0m
[0m[[31merror[0m] [0m  (Driver info: chromedriver=2.24.417424 (c5c5ea873213ee72e3d0929b47482681555340c3),platform=Linux 4.4.0-83-generic x86_64) (WARNING: The server did not provide any stacktrace information)[0m
[0m[[31merror[0m] [0mCommand duration or timeout: 18 milliseconds[0m
[0m[[31merror[0m] [0mFor documentation on this error, please visit: http://seleniumhq.org/exceptions/no_such_element.html[0m
[0m[[31merror[0m] [0mBuild info: version: '2.53.1', revision: 'a36b8b1cd5757287168e54b817830adce9b0158d', time: '2016-06-30 19:26:09'[0m
[0m[[31merror[0m] [0mSystem info: host: 'ddct-55', ip: '127.0.1.1', os.name: 'Linux', os.arch: 'amd64', os.version: '4.4.0-83-generic', java.version: '1.8.0_111'[0m
[0m[[31merror[0m] [0mDriver info: org.openqa.selenium.chrome.ChromeDriver[0m
[0m[[31merror[0m] [0mCapabilities [{applicationCacheEnabled=false, rotatable=false, mobileEmulationEnabled=false, networkConnectionEnabled=false, chrome={chromedriverVersion=2.24.417424 (c5c5ea873213ee72e3d0929b47482681555340c3), userDataDir=/tmp/.org.chromium.Chromium.GneLOm}, takesHeapSnapshot=true, pageLoadStrategy=normal, databaseEnabled=false, handlesAlerts=true, hasTouchScreen=false, version=55.0.2883.87, platform=LINUX, browserConnectionEnabled=false, nativeEvents=true, acceptSslCerts=true, locationContextEnabled=true, webStorageEnabled=true, browserName=chrome, takesScreenshot=true, javascriptEnabled=true, cssSelectorsEnabled=true}][0m
[0m[[31merror[0m] [0mSession ID: 42bb4921f558d47c3868d81efece547e[0m
[0m[[31merror[0m] [0m*** Element info: {Using=id, value=incomeSource-Both}]" did not equal "[PRINT ERR]"[0m
[0m[[31merror[0m] [0m    at org.scalatest.Assertions$class.newAssertionFailedException(Assertions.scala:500)[0m
[0m[[31merror[0m] [0m    at uk.gov.hmrc.integration.cucumber.pages.BasePageTemplate$.newAssertionFailedException(BasePageTemplate.scala:17)[0m
[0m[[31merror[0m] [0m    at org.scalatest.Assertions$AssertionsHelper.macroAssert(Assertions.scala:466)[0m
[0m[[31merror[0m] [0m    at uk.gov.hmrc.integration.cucumber.pages.BasePageTemplate$class.catchErr(BasePageTemplate.scala:242)[0m
[0m[[31merror[0m] [0m    at uk.gov.hmrc.integration.cucumber.pages.BasePageTemplate$.catchErr(BasePageTemplate.scala:17)[0m
[0m[[31merror[0m] [0m    at uk.gov.hmrc.integration.cucumber.pages.BasePageTemplate$class.click(BasePageTemplate.scala:65)[0m
[0m[[31merror[0m] [0m    at uk.gov.hmrc.integration.cucumber.pages.BasePageTemplate$.click(BasePageTemplate.scala:17)[0m
[0m[[31merror[0m] [0m    at uk.gov.hmrc.integration.cucumber.pages.BasePageTemplate$class.clickRadio(BasePageTemplate.scala:73)[0m
[0m[[31merror[0m] [0m    at uk.gov.hmrc.integration.cucumber.pages.BasePageTemplate$.clickRadio(BasePageTemplate.scala:17)[0m
[0m[[31merror[0m] [0m    at uk.gov.hmrc.integration.cucumber.stepdefs.URLSCRAPERCommonStepDef$$anonfun$8.apply(CommonStepDef.scala:53)[0m
[0m[[31merror[0m] [0m    at uk.gov.hmrc.integration.cucumber.stepdefs.URLSCRAPERCommonStepDef$$anonfun$8.apply(CommonStepDef.scala:52)[0m
[0m[[31merror[0m] [0m    at cucumber.api.scala.ScalaDsl$StepBody$$anonfun$apply$3.applyOrElse(ScalaDsl.scala:105)[0m
[0m[[31merror[0m] [0m    at cucumber.api.scala.ScalaDsl$StepBody$$anonfun$apply$3.applyOrElse(ScalaDsl.scala:103)[0m
[0m[[31merror[0m] [0m    at scala.runtime.AbstractPartialFunction.apply(AbstractPartialFunction.scala:36)[0m
[0m[[31merror[0m] [0m    at cucumber.runtime.scala.ScalaStepDefinition.execute(ScalaStepDefinition.scala:71)[0m
[0m[[31merror[0m] [0m    at cucumber.runtime.StepDefinitionMatch.runStep(StepDefinitionMatch.java:37)[0m
[0m[[31merror[0m] [0m    at cucumber.runtime.Runtime.runStep(Runtime.java:299)[0m
[0m[[31merror[0m] [0m    at cucumber.runtime.model.StepContainer.runStep(StepContainer.java:44)[0m
[0m[[31merror[0m] [0m    at cucumber.runtime.model.StepContainer.runSteps(StepContainer.java:39)[0m
[0m[[31merror[0m] [0m    at cucumber.runtime.model.CucumberScenario.run(CucumberScenario.java:44)[0m
[0m[[31merror[0m] [0m    at cucumber.runtime.junit.ExecutionUnitRunner.run(ExecutionUnitRunner.java:91)[0m
[0m[[31merror[0m] [0m    at cucumber.runtime.junit.FeatureRunner.runChild(FeatureRunner.java:63)[0m
[0m[[31merror[0m] [0m    at cucumber.runtime.junit.FeatureRunner.runChild(FeatureRunner.java:18)[0m
[0m[[31merror[0m] [0m    ...[0m
[0m[[31merror[0m] [0mTest [33mScenario: Scenario Number 1[0m failed: org.scalatest.exceptions.[31mTestFailedException[0m: "[no such element: Unable to locate element: {"method":"id","selector":"incomeSource-Both"}[0m
[0m[[31merror[0m] [0m  (Session info: chrome=55.0.2883.87)[0m
[0m[[31merror[0m] [0m  (Driver info: chromedriver=2.24.417424 (c5c5ea873213ee72e3d0929b47482681555340c3),platform=Linux 4.4.0-83-generic x86_64) (WARNING: The server did not provide any stacktrace information)[0m
[0m[[31merror[0m] [0mCommand duration or timeout: 18 milliseconds[0m
[0m[[31merror[0m] [0mFor documentation on this error, please visit: http://seleniumhq.org/exceptions/no_such_element.html[0m
[0m[[31merror[0m] [0mBuild info: version: '2.53.1', revision: 'a36b8b1cd5757287168e54b817830adce9b0158d', time: '2016-06-30 19:26:09'[0m
[0m[[31merror[0m] [0mSystem info: host: 'ddct-55', ip: '127.0.1.1', os.name: 'Linux', os.arch: 'amd64', os.version: '4.4.0-83-generic', java.version: '1.8.0_111'[0m
[0m[[31merror[0m] [0mDriver info: org.openqa.selenium.chrome.ChromeDriver[0m
[0m[[31merror[0m] [0mCapabilities [{applicationCacheEnabled=false, rotatable=false, mobileEmulationEnabled=false, networkConnectionEnabled=false, chrome={chromedriverVersion=2.24.417424 (c5c5ea873213ee72e3d0929b47482681555340c3), userDataDir=/tmp/.org.chromium.Chromium.GneLOm}, takesHeapSnapshot=true, pageLoadStrategy=normal, databaseEnabled=false, handlesAlerts=true, hasTouchScreen=false, version=55.0.2883.87, platform=LINUX, browserConnectionEnabled=false, nativeEvents=true, acceptSslCerts=true, locationContextEnabled=true, webStorageEnabled=true, browserName=chrome, takesScreenshot=true, javascriptEnabled=true, cssSelectorsEnabled=true}][0m
[0m[[31merror[0m] [0mSession ID: 42bb4921f558d47c3868d81efece547e[0m
[0m[[31merror[0m] [0m*** Element info: {Using=id, value=incomeSource-Both}]" did not equal "[PRINT ERR]"[0m
[0m[[31merror[0m] [0m    at org.scalatest.Assertions$class.newAssertionFailedException(Assertions.scala:500)[0m
[0m[[31merror[0m] [0m    at uk.gov.hmrc.integration.cucumber.pages.BasePageTemplate$.newAssertionFailedException(BasePageTemplate.scala:17)[0m
[0m[[31merror[0m] [0m    at org.scalatest.Assertions$AssertionsHelper.macroAssert(Assertions.scala:466)[0m
[0m[[31merror[0m] [0m    at uk.gov.hmrc.integration.cucumber.pages.BasePageTemplate$class.catchErr(BasePageTemplate.scala:242)[0m
[0m[[31merror[0m] [0m    at uk.gov.hmrc.integration.cucumber.pages.BasePageTemplate$.catchErr(BasePageTemplate.scala:17)[0m
[0m[[31merror[0m] [0m    at uk.gov.hmrc.integration.cucumber.pages.BasePageTemplate$class.click(BasePageTemplate.scala:65)[0m
[0m[[31merror[0m] [0m    at uk.gov.hmrc.integration.cucumber.pages.BasePageTemplate$.click(BasePageTemplate.scala:17)[0m
[0m[[31merror[0m] [0m    at uk.gov.hmrc.integration.cucumber.pages.BasePageTemplate$class.clickRadio(BasePageTemplate.scala:73)[0m
[0m[[31merror[0m] [0m    at uk.gov.hmrc.integration.cucumber.pages.BasePageTemplate$.clickRadio(BasePageTemplate.scala:17)[0m
[0m[[31merror[0m] [0m    at uk.gov.hmrc.integration.cucumber.stepdefs.URLSCRAPERCommonStepDef$$anonfun$8.apply(CommonStepDef.scala:53)[0m
[0m[[31merror[0m] [0m    at uk.gov.hmrc.integration.cucumber.stepdefs.URLSCRAPERCommonStepDef$$anonfun$8.apply(CommonStepDef.scala:52)[0m
[0m[[31merror[0m] [0m    at cucumber.api.scala.ScalaDsl$StepBody$$anonfun$apply$3.applyOrElse(ScalaDsl.scala:105)[0m
[0m[[31merror[0m] [0m    at cucumber.api.scala.ScalaDsl$StepBody$$anonfun$apply$3.applyOrElse(ScalaDsl.scala:103)[0m
[0m[[31merror[0m] [0m    at scala.runtime.AbstractPartialFunction.apply(AbstractPartialFunction.scala:36)[0m
[0m[[31merror[0m] [0m    at cucumber.runtime.scala.ScalaStepDefinition.execute(ScalaStepDefinition.scala:71)[0m
[0m[[31merror[0m] [0m    at cucumber.runtime.StepDefinitionMatch.runStep(StepDefinitionMatch.java:37)[0m
[0m[[31merror[0m] [0m    at cucumber.runtime.Runtime.runStep(Runtime.java:299)[0m
[0m[[31merror[0m] [0m    at cucumber.runtime.model.StepContainer.runStep(StepContainer.java:44)[0m
[0m[[31merror[0m] [0m    at cucumber.runtime.model.StepContainer.runSteps(StepContainer.java:39)[0m
[0m[[31merror[0m] [0m    at cucumber.runtime.model.CucumberScenario.run(CucumberScenario.java:44)[0m
[0m[[31merror[0m] [0m    at cucumber.runtime.junit.ExecutionUnitRunner.run(ExecutionUnitRunner.java:91)[0m
[0m[[31merror[0m] [0m    at cucumber.runtime.junit.FeatureRunner.runChild(FeatureRunner.java:63)[0m
[0m[[31merror[0m] [0m    at cucumber.runtime.junit.FeatureRunner.runChild(FeatureRunner.java:18)[0m
[0m[[31merror[0m] [0m    ...[0m
[0m[[0minfo[0m] [0mTest [33mScenario: Scenario Number 1[0m.[36mAnd Does your client have any other sources of income where select 'clickChoiceNo' and select 'clickContinueButton'[0m ignored[0m
[0m[[0minfo[0m] [0mTest [33mScenario: Scenario Number 1[0m.[36mAnd Business accounting period where select 'clickAccountingPeriodPriorYes' and select 'clickContinueButton'[0m ignored[0m
[0m[[0minfo[0m] [0mTest [33mScenario: Scenario Number 1[0m.[36mAnd You can't send quarterly reports yet where select 'clickContinueButton'[0m ignored[0m
[0m[[0minfo[0m] [0mTest [33mScenario: Scenario Number 1[0m.[36mAnd Business accounting period where 'fieldStartDateDateDay' is '01' and 'fieldStartDateDateMonth' is '01' and 'fieldStartDateDateYear' is '2019' and 'fieldEndDateDateDay' is '01' and 'fieldEndDateDateMonth' is '01' and 'fieldEndDateDateYear' is '2020' and select 'clickContinueButton'[0m ignored[0m
[0m[[0minfo[0m] [0mTest [33mScenario: Scenario Number 1[0m.[36mAnd Business name where 'fieldBusinessName' is 'Third Flow' and select 'clickContinueButton'[0m ignored[0m
[0m[[0minfo[0m] [0mTest [33mScenario: Scenario Number 1[0m.[36mAnd Accounting method where select 'clickAccountingMethodCash' and select 'clickContinueButton'[0m ignored[0m
[0m[[0minfo[0m] [0mTest [33mScenario: Scenario Number 1[0m.[36mThen Terms of participation where select 'clickContinueButton'[0m ignored[0m
[0m[[31merror[0m] [0mTest [33mScenario: Scenario Number 1[0m.[31mThen Select your client's income type where select 'clickIncomeSourceOther' and select 'clickContinueButton'[0m failed: org.scalatest.exceptions.[31mTestFailedException[0m: "[no such element: Unable to locate element: {"method":"id","selector":"incomeSource-Other"}[0m
[0m[[31merror[0m] [0m  (Session info: chrome=55.0.2883.87)[0m
[0m[[31merror[0m] [0m  (Driver info: chromedriver=2.24.417424 (c5c5ea873213ee72e3d0929b47482681555340c3),platform=Linux 4.4.0-83-generic x86_64) (WARNING: The server did not provide any stacktrace information)[0m
[0m[[31merror[0m] [0mCommand duration or timeout: 16 milliseconds[0m
[0m[[31merror[0m] [0mFor documentation on this error, please visit: http://seleniumhq.org/exceptions/no_such_element.html[0m
[0m[[31merror[0m] [0mBuild info: version: '2.53.1', revision: 'a36b8b1cd5757287168e54b817830adce9b0158d', time: '2016-06-30 19:26:09'[0m
[0m[[31merror[0m] [0mSystem info: host: 'ddct-55', ip: '127.0.1.1', os.name: 'Linux', os.arch: 'amd64', os.version: '4.4.0-83-generic', java.version: '1.8.0_111'[0m
[0m[[31merror[0m] [0mDriver info: org.openqa.selenium.chrome.ChromeDriver[0m
[0m[[31merror[0m] [0mCapabilities [{applicationCacheEnabled=false, rotatable=false, mobileEmulationEnabled=false, networkConnectionEnabled=false, chrome={chromedriverVersion=2.24.417424 (c5c5ea873213ee72e3d0929b47482681555340c3), userDataDir=/tmp/.org.chromium.Chromium.GneLOm}, takesHeapSnapshot=true, pageLoadStrategy=normal, databaseEnabled=false, handlesAlerts=true, hasTouchScreen=false, version=55.0.2883.87, platform=LINUX, browserConnectionEnabled=false, nativeEvents=true, acceptSslCerts=true, locationContextEnabled=true, webStorageEnabled=true, browserName=chrome, takesScreenshot=true, javascriptEnabled=true, cssSelectorsEnabled=true}][0m
[0m[[31merror[0m] [0mSession ID: 42bb4921f558d47c3868d81efece547e[0m
[0m[[31merror[0m] [0m*** Element info: {Using=id, value=incomeSource-Other}]" did not equal "[PRINT ERR]"[0m
[0m[[31merror[0m] [0m    at org.scalatest.Assertions$class.newAssertionFailedException(Assertions.scala:500)[0m
[0m[[31merror[0m] [0m    at uk.gov.hmrc.integration.cucumber.pages.BasePageTemplate$.newAssertionFailedException(BasePageTemplate.scala:17)[0m
[0m[[31merror[0m] [0m    at org.scalatest.Assertions$AssertionsHelper.macroAssert(Assertions.scala:466)[0m
[0m[[31merror[0m] [0m    at uk.gov.hmrc.integration.cucumber.pages.BasePageTemplate$class.catchErr(BasePageTemplate.scala:242)[0m
[0m[[31merror[0m] [0m    at uk.gov.hmrc.integration.cucumber.pages.BasePageTemplate$.catchErr(BasePageTemplate.scala:17)[0m
[0m[[31merror[0m] [0m    at uk.gov.hmrc.integration.cucumber.pages.BasePageTemplate$class.click(BasePageTemplate.scala:65)[0m
[0m[[31merror[0m] [0m    at uk.gov.hmrc.integration.cucumber.pages.BasePageTemplate$.click(BasePageTemplate.scala:17)[0m
[0m[[31merror[0m] [0m    at uk.gov.hmrc.integration.cucumber.pages.BasePageTemplate$class.clickRadio(BasePageTemplate.scala:73)[0m
[0m[[31merror[0m] [0m    at uk.gov.hmrc.integration.cucumber.pages.BasePageTemplate$.clickRadio(BasePageTemplate.scala:17)[0m
[0m[[31merror[0m] [0m    at uk.gov.hmrc.integration.cucumber.stepdefs.URLSCRAPERCommonStepDef$$anonfun$8.apply(CommonStepDef.scala:53)[0m
[0m[[31merror[0m] [0m    at uk.gov.hmrc.integration.cucumber.stepdefs.URLSCRAPERCommonStepDef$$anonfun$8.apply(CommonStepDef.scala:52)[0m
[0m[[31merror[0m] [0m    at cucumber.api.scala.ScalaDsl$StepBody$$anonfun$apply$3.applyOrElse(ScalaDsl.scala:105)[0m
[0m[[31merror[0m] [0m    at cucumber.api.scala.ScalaDsl$StepBody$$anonfun$apply$3.applyOrElse(ScalaDsl.scala:103)[0m
[0m[[31merror[0m] [0m    at scala.runtime.AbstractPartialFunction.apply(AbstractPartialFunction.scala:36)[0m
[0m[[31merror[0m] [0m    at cucumber.runtime.scala.ScalaStepDefinition.execute(ScalaStepDefinition.scala:71)[0m
[0m[[31merror[0m] [0m    at cucumber.runtime.StepDefinitionMatch.runStep(StepDefinitionMatch.java:37)[0m
[0m[[31merror[0m] [0m    at cucumber.runtime.Runtime.runStep(Runtime.java:299)[0m
[0m[[31merror[0m] [0m    at cucumber.runtime.model.StepContainer.runStep(StepContainer.java:44)[0m
[0m[[31merror[0m] [0m    at cucumber.runtime.model.StepContainer.runSteps(StepContainer.java:39)[0m
[0m[[31merror[0m] [0m    at cucumber.runtime.model.CucumberScenario.run(CucumberScenario.java:44)[0m
[0m[[31merror[0m] [0m    at cucumber.runtime.junit.ExecutionUnitRunner.run(ExecutionUnitRunner.java:91)[0m
[0m[[31merror[0m] [0m    at cucumber.runtime.junit.FeatureRunner.runChild(FeatureRunner.java:63)[0m
[0m[[31merror[0m] [0m    at cucumber.runtime.junit.FeatureRunner.runChild(FeatureRunner.java:18)[0m
[0m[[31merror[0m] [0m    ...[0m
[0m[[31merror[0m] [0mTest [33mScenario: Scenario Number 1[0m failed: org.scalatest.exceptions.[31mTestFailedException[0m: "[no such element: Unable to locate element: {"method":"id","selector":"incomeSource-Other"}[0m
[0m[[31merror[0m] [0m  (Session info: chrome=55.0.2883.87)[0m
[0m[[31merror[0m] [0m  (Driver info: chromedriver=2.24.417424 (c5c5ea873213ee72e3d0929b47482681555340c3),platform=Linux 4.4.0-83-generic x86_64) (WARNING: The server did not provide any stacktrace information)[0m
[0m[[31merror[0m] [0mCommand duration or timeout: 16 milliseconds[0m
[0m[[31merror[0m] [0mFor documentation on this error, please visit: http://seleniumhq.org/exceptions/no_such_element.html[0m
[0m[[31merror[0m] [0mBuild info: version: '2.53.1', revision: 'a36b8b1cd5757287168e54b817830adce9b0158d', time: '2016-06-30 19:26:09'[0m
[0m[[31merror[0m] [0mSystem info: host: 'ddct-55', ip: '127.0.1.1', os.name: 'Linux', os.arch: 'amd64', os.version: '4.4.0-83-generic', java.version: '1.8.0_111'[0m
[0m[[31merror[0m] [0mDriver info: org.openqa.selenium.chrome.ChromeDriver[0m
[0m[[31merror[0m] [0mCapabilities [{applicationCacheEnabled=false, rotatable=false, mobileEmulationEnabled=false, networkConnectionEnabled=false, chrome={chromedriverVersion=2.24.417424 (c5c5ea873213ee72e3d0929b47482681555340c3), userDataDir=/tmp/.org.chromium.Chromium.GneLOm}, takesHeapSnapshot=true, pageLoadStrategy=normal, databaseEnabled=false, handlesAlerts=true, hasTouchScreen=false, version=55.0.2883.87, platform=LINUX, browserConnectionEnabled=false, nativeEvents=true, acceptSslCerts=true, locationContextEnabled=true, webStorageEnabled=true, browserName=chrome, takesScreenshot=true, javascriptEnabled=true, cssSelectorsEnabled=true}][0m
[0m[[31merror[0m] [0mSession ID: 42bb4921f558d47c3868d81efece547e[0m
[0m[[31merror[0m] [0m*** Element info: {Using=id, value=incomeSource-Other}]" did not equal "[PRINT ERR]"[0m
[0m[[31merror[0m] [0m    at org.scalatest.Assertions$class.newAssertionFailedException(Assertions.scala:500)[0m
[0m[[31merror[0m] [0m    at uk.gov.hmrc.integration.cucumber.pages.BasePageTemplate$.newAssertionFailedException(BasePageTemplate.scala:17)[0m
[0m[[31merror[0m] [0m    at org.scalatest.Assertions$AssertionsHelper.macroAssert(Assertions.scala:466)[0m
[0m[[31merror[0m] [0m    at uk.gov.hmrc.integration.cucumber.pages.BasePageTemplate$class.catchErr(BasePageTemplate.scala:242)[0m
[0m[[31merror[0m] [0m    at uk.gov.hmrc.integration.cucumber.pages.BasePageTemplate$.catchErr(BasePageTemplate.scala:17)[0m
[0m[[31merror[0m] [0m    at uk.gov.hmrc.integration.cucumber.pages.BasePageTemplate$class.click(BasePageTemplate.scala:65)[0m
[0m[[31merror[0m] [0m    at uk.gov.hmrc.integration.cucumber.pages.BasePageTemplate$.click(BasePageTemplate.scala:17)[0m
[0m[[31merror[0m] [0m    at uk.gov.hmrc.integration.cucumber.pages.BasePageTemplate$class.clickRadio(BasePageTemplate.scala:73)[0m
[0m[[31merror[0m] [0m    at uk.gov.hmrc.integration.cucumber.pages.BasePageTemplate$.clickRadio(BasePageTemplate.scala:17)[0m
[0m[[31merror[0m] [0m    at uk.gov.hmrc.integration.cucumber.stepdefs.URLSCRAPERCommonStepDef$$anonfun$8.apply(CommonStepDef.scala:53)[0m
[0m[[31merror[0m] [0m    at uk.gov.hmrc.integration.cucumber.stepdefs.URLSCRAPERCommonStepDef$$anonfun$8.apply(CommonStepDef.scala:52)[0m
[0m[[31merror[0m] [0m    at cucumber.api.scala.ScalaDsl$StepBody$$anonfun$apply$3.applyOrElse(ScalaDsl.scala:105)[0m
[0m[[31merror[0m] [0m    at cucumber.api.scala.ScalaDsl$StepBody$$anonfun$apply$3.applyOrElse(ScalaDsl.scala:103)[0m
[0m[[31merror[0m] [0m    at scala.runtime.AbstractPartialFunction.apply(AbstractPartialFunction.scala:36)[0m
[0m[[31merror[0m] [0m    at cucumber.runtime.scala.ScalaStepDefinition.execute(ScalaStepDefinition.scala:71)[0m
[0m[[31merror[0m] [0m    at cucumber.runtime.StepDefinitionMatch.runStep(StepDefinitionMatch.java:37)[0m
[0m[[31merror[0m] [0m    at cucumber.runtime.Runtime.runStep(Runtime.java:299)[0m
[0m[[31merror[0m] [0m    at cucumber.runtime.model.StepContainer.runStep(StepContainer.java:44)[0m
[0m[[31merror[0m] [0m    at cucumber.runtime.model.StepContainer.runSteps(StepContainer.java:39)[0m
[0m[[31merror[0m] [0m    at cucumber.runtime.model.CucumberScenario.run(CucumberScenario.java:44)[0m
[0m[[31merror[0m] [0m    at cucumber.runtime.junit.ExecutionUnitRunner.run(ExecutionUnitRunner.java:91)[0m
[0m[[31merror[0m] [0m    at cucumber.runtime.junit.FeatureRunner.runChild(FeatureRunner.java:63)[0m
[0m[[31merror[0m] [0m    at cucumber.runtime.junit.FeatureRunner.runChild(FeatureRunner.java:18)[0m
[0m[[31merror[0m] [0m    ...[0m
